|SourceProjectName:CentraView.hpr
|DestinationProjectName:centraview.htm
whhost.js
whmsg.js
whmozemu.js
whproxy.js
whstub.js
whutils.js
whver.js
whform.js
whphost.js
whstart.js
whtopic.js
whframes.js
whlang.js
whskin_info.htm
whskin_blank.htm
whskin_pickup.htm
whskin_homepage.htm
whskin_tw.htm
whnjs.htm
whthost.js
whtdhtml.htm
whihost.js
whibody.htm
whiform.htm
whfhost.js
whfbody.htm
whfform.htm
whghost.js
whgbody.htm
whgdhtml.htm
whgdef.htm
whproj.js
whproj.xml
whproj.htm
whxdata\whtoc.xml
whxdata\whidx.xml
whxdata\whfts.xml
whxdata\whglo.xml
whdata\whtoc.js
whdata\whtoc.htm
whdata\whtdata.js
whdata\whidx.js
whdata\whidx.htm
whdata\whidata.js
whdata\whfts.js
whdata\whfts.htm
whdata\whglo.js
whdata\whglo.htm
whdata\whgdata.js
whdata\whftdata.js
whdata\whfwdata.js
whres.xml
webhelp.jar
webhelp.cab
whgdata\whnvp30.htm
whgdata\whnvp31.htm
whgdata\whnvp32.htm
whgdata\whnvp33.htm
whgdata\whnvt30.htm
whgdata\whnvt31.htm
whgdata\whnvt32.htm
whgdata\whnvt33.htm
whgdata\whnvf30.htm
whgdata\whnvf31.htm
whgdata\whnvf32.htm
whgdata\whnvf33.htm
whgdata\whnvl31.htm
whgdata\whnvl32.htm
whgdata\whnvl33.htm
whgdata\whexpbar.gif
cshdat_webhelp.htm
whcsh_home.htm
whcshdata.htm
cshdat_robohelp.htm
wht_tab0.gif
wht_tab1.gif
wht_tab2.gif
wht_tab3.gif
wht_tab4.gif
wht_tab5.gif
wht_tab6.gif
wht_tab7.gif
wht_tab8.gif
wht_glo_h.gif
wht_glo_n.gif
wht_fts_h.gif
wht_fts_n.gif
wht_idx_h.gif
wht_idx_n.gif
wht_toc_h.gif
wht_toc_n.gif
wht_ws.gif
wht_ws_g.gif
wht_logo1.gif
wht_logo2.gif
wht_abgw.jpg
wht_abgi.jpg
wht_abge.jpg
wht_abtw.jpg
wht_abte.jpg
wht_abti.jpg
wht_spac.gif
wht_next.gif
wht_next_g.gif
wht_prev.gif
wht_prev_g.gif
wht_sync.gif
wht_hide.gif
wht_go.gif
whstart.ico
whestart.ico
whrstart.ico
whidhtml.htm
whfdhtml.htm
whskin_banner.htm
whtbar.js
wht_logo16.gif
whskin_pdhtml.htm
whskin_papplet.htm
whskin_plist.htm
whskin_tbars.htm
whskin_mbars.htm
wht_toc4.gif
wht_toc1.gif
wht_toc2.gif
wht_toc3.gif
whskin_frmset010.htm
whst_topics.xml
whskin_frmset01.htm
centraview_hha.hhk
centraview.hhc
centraview.hhk
about_accounting.htm
about_activities.htm
about_administration.htm
about_appointments.htm
about_calendar.htm
about_calls.htm
about_contact_lists.htm
about_contacts.htm
about_email.htm
about_employee_handbook.htm
about_employee_list.htm
about_entities.htm
about_events.htm
about_expense_forms.htm
about_expenses.htm
about_faqs.htm
about_files.htm
about_forecast_sales.htm
about_gl_accounts.htm
about_groups.htm
about_help.htm
about_hr.htm
about_individuals.htm
about_inventory.htm
about_invoice_history.htm
about_items.htm
about_knowledge_base.htm
about_list_manager.htm
about_literature_fulfillment.htm
about_literature_requests.htm
about_marketing.htm
about_meetings.htm
about_next_actions.htm
about_notes.htm
about_opportunity.htm
about_order_history.htm
about_payments.htm
about_preferences.htm
about_print_templates.htm
about_project_tasks.htm
about_projects.htm
about_proposals.htm
about_purchase_orders.htm
about_reports.htm
about_sales.htm
about_suggestion_box.htm
about_support.htm
about_support_tickets.htm
about_tasks.htm
about_time_sheets.htm
about_timeslips.htm
about_to_dos.htm
about_vendors.htm
about_volume_discounts.htm
about_webform_import.htm
accounting_and_human_resources.htm
adding_activities_to_your_calendar.htm
adding_appointments.htm
adding_calls.htm
adding_employee_handbook.htm
adding_employee_list.htm
adding_entities.htm
adding_events.htm
adding_expense_forms.htm
adding_expenses.htm
adding_faqs.htm
adding_file_folders.htm
adding_files.htm
adding_forecast_sales.htm
adding_groups.htm
adding_individuals.htm
adding_inventory.htm
adding_invoice_history.htm
adding_items.htm
adding_literature_fulfillment_requests.htm
adding_literature_requests.htm
adding_meetings.htm
adding_next_actions.htm
adding_notes.htm
adding_order_history.htm
adding_payments.htm
adding_project_tasks.htm
adding_projects.htm
adding_proposals.htm
adding_purchase_orders.htm
adding_sales_opportunities.htm
adding_support_tickets.htm
adding_tasks.htm
adding_time_sheets.htm
adding_timeslips.htm
adding_to_dos.htm
adding_to_the_knowledge_base.htm
adding_vendors.htm
adding_volume_discounts.htm
administering_attic.htm
administering_custom_fields.htm
administering_email_settings.htm
administering_garbage.htm
administering_global_replace.htm
administering_history.htm
administering_license_settings.htm
administering_merge_purge.htm
administering_modules.htm
administering_new_users.htm
administering_security_profiles.htm
administering_server_settings.htm
administering_system_data.htm
administering_the_customer_logo.htm
categorizing_the_knowledge_base.htm
composing_email.htm
creating_email_folders.htm
deleting_a_literature_fulfillment_request.htm
deleting_a_marketing_list.htm
deleting_appointments.htm
deleting_calls.htm
deleting_email.htm
deleting_entities.htm
deleting_events.htm
deleting_expenses.htm
deleting_faqs.htm
deleting_files.htm
deleting_forecast_sales.htm
deleting_from_the_knowledge_base.htm
deleting_groups.htm
deleting_individuals.htm
deleting_inventory.htm
deleting_invoice_history.htm
deleting_items.htm
deleting_literature_requests.htm
deleting_meetings.htm
deleting_next_actions.htm
deleting_notes.htm
deleting_order_history.htm
deleting_payments.htm
deleting_project_tasks.htm
deleting_projects.htm
deleting_proposals.htm
deleting_purchase_orders.htm
deleting_sales_opportunities.htm
deleting_support_tickets.htm
deleting_tasks.htm
deleting_timeslips.htm
deleting_to_dos.htm
deleting_vendors.htm
deleting_volume_discounts.htm
duplicating_a_literature_fulfillment_request.htm
duplicating_a_marketing_list.htm
duplicating_appointments.htm
duplicating_calls.htm
duplicating_entities.htm
duplicating_events.htm
duplicating_faqs.htm
duplicating_files.htm
duplicating_forecast_sales.htm
duplicating_groups.htm
duplicating_individuals.htm
duplicating_items_in_the_knowledge_base.htm
duplicating_literature_requests.htm
duplicating_meetings.htm
duplicating_next_actions.htm
duplicating_notes.htm
duplicating_project_tasks.htm
duplicating_projects.htm
duplicating_proposals.htm
duplicating_sales_opportunities.htm
duplicating_support_tickets.htm
duplicating_tasks.htm
duplicating_timeslips.htm
duplicating_to_dos.htm
files,_notes_and_email.htm
getting_started_for_administrators.htm
getting_started_for_new_users.htm
how_do_i_use_centraview_.htm
importing_a_marketing_list.htm
managing_email_templates.htm
managing_print_templates.htm
managing_sales_proposal_templates.htm
managing_support_ticket_templates.htm
managing_templates.htm
merging_data_with_print_templates.htm
projects_and_support.htm
reading_email.htm
sales_and_marketing.htm
searching_information_in_centraview.htm
setting_automatic_email_checking_preferences.htm
setting_default_privileges.htm
setting_delegation_calendar_preferences.htm
setting_email_account_preferences.htm
setting_email_composition_preferences.htm
setting_email_rules.htm
setting_general_calendar_preferences.htm
setting_homepage_preferences.htm
setting_up_available_literature.htm
setting_up_custom_views.htm
setting_up_default_views.htm
setting_up_invoice_status.htm
setting_up_locations.htm
setting_up_order_status.htm
setting_up_project_status.htm
setting_up_resources.htm
setting_up_sales_stages.htm
setting_up_sales_types.htm
setting_up_saved_searches.htm
setting_up_sources.htm
setting_up_synchronization.htm
setting_up_terms.htm
setting_up_the_suggestion_box.htm
setting_up_the_support_inbox.htm
setting_up_working_hours.htm
setting_user_profile_preferences.htm
template_management.htm
using_the_centraview_homepage.htm
viewing_a_literature_fulfillment_request.htm
viewing_a_marketing_list.htm
viewing_appointments.htm
viewing_calls.htm
viewing_entities.htm
viewing_events.htm
viewing_expenses.htm
viewing_faqs.htm
viewing_files.htm
viewing_forecast_sales.htm
viewing_groups.htm
viewing_individuals.htm
viewing_inventory.htm
viewing_invoice_history.htm
viewing_items.htm
viewing_literature_requests.htm
viewing_meetings.htm
viewing_next_actions.htm
viewing_notes.htm
viewing_order_history.htm
viewing_payments.htm
viewing_project_tasks.htm
viewing_projects.htm
viewing_proposals.htm
viewing_purchase_orders.htm
viewing_sales_opportunities.htm
viewing_support_tickets.htm
viewing_tasks.htm
viewing_the_knowledge_base.htm
viewing_timeslips.htm
viewing_to_dos.htm
viewing_vendors.htm
viewing_volume_discounts.htm
welcome_to_centraview.htm
ehelp.xml
robohhre.lng
centraview.glo
centraview.css
pref.jpg
print.jpg
reports.jpg
book.jpg
admin.jpg
sync.jpg
ehlpdhtm.js
centraview.ppf
adding_activities_to_your_calendar_text0.htm
adding_activities_to_your_calendar_text1.htm
adding_activities_to_your_calendar_text2.htm
adding_activities_to_your_calendar_text3.htm
adding_appointments_text0.htm
adding_appointments_text1.htm
adding_appointments_text2.htm
adding_appointments_text3.htm
adding_calls_text0.htm
adding_calls_text1.htm
adding_calls_text2.htm
adding_calls_text3.htm
adding_calls_text4.htm
adding_entities_text0.htm
adding_entities_text1.htm
adding_entities_text2.htm
adding_entities_text3.htm
adding_events_text0.htm
adding_events_text1.htm
adding_expenses_text0.htm
adding_expenses_text1.htm
adding_faqs_text0.htm
adding_files_text0.htm
adding_files_text1.htm
adding_files_text2.htm
adding_forecast_sales_text0.htm
adding_forecast_sales_text1.htm
adding_forecast_sales_text2.htm
adding_forecast_sales_text3.htm
adding_forecast_sales_text4.htm
adding_forecast_sales_text5.htm
adding_inventory_text0.htm
adding_inventory_text1.htm
adding_inventory_text2.htm
adding_items_text0.htm
adding_items_text1.htm
adding_items_text2.htm
adding_items_text3.htm
adding_literature_fulfillment_requests_text0.htm
adding_literature_fulfillment_requests_text1.htm
adding_literature_fulfillment_requests_text2.htm
adding_literature_fulfillment_requests_text3.htm
adding_literature_requests_text0.htm
adding_literature_requests_text1.htm
adding_literature_requests_text2.htm
adding_meetings_text0.htm
adding_meetings_text1.htm
adding_meetings_text2.htm
adding_meetings_text3.htm
adding_next_actions_text0.htm
adding_next_actions_text1.htm
adding_next_actions_text2.htm
adding_next_actions_text3.htm
adding_payments_text0.htm
adding_project_tasks_text0.htm
adding_project_tasks_text1.htm
adding_projects_text0.htm
adding_projects_text1.htm
adding_projects_text2.htm
adding_proposals_text0.htm
adding_proposals_text1.htm
adding_proposals_text2.htm
adding_purchase_orders_text0.htm
adding_sales_opportunities_text0.htm
adding_sales_opportunities_text1.htm
adding_sales_opportunities_text2.htm
adding_sales_opportunities_text3.htm
adding_sales_opportunities_text4.htm
adding_sales_opportunities_text5.htm
adding_support_tickets_text0.htm
adding_support_tickets_text1.htm
adding_support_tickets_text2.htm
adding_support_tickets_text3.htm
adding_tasks_text0.htm
adding_tasks_text1.htm
adding_timeslips_text0.htm
adding_timeslips_text1.htm
adding_to_dos_text0.htm
adding_to_dos_text1.htm
adding_to_dos_text2.htm
adding_to_dos_text3.htm
adding_to_the_knowledge_base_text0.htm
merging_data_with_print_templates_text0.htm
setting_email_rules_text0.htm
setting_email_rules_text1.htm
setting_email_rules_text2.htm
setting_email_rules_text3.htm
setting_general_calendar_preferences_text0.htm
centraview_ns.css
whxdata\whtdata0.xml
whxdata\whtdata1.xml
whxdata\whtdata2.xml
whxdata\whtdata3.xml
whxdata\whidata0.xml
whxdata\whidata1.xml
whxdata\whidata2.xml
whxdata\whidata3.xml
whxdata\whidata4.xml
whxdata\whidata5.xml
whxdata\whftdata0.xml
whxdata\whftdata1.xml
whxdata\whfwdata0.xml
whxdata\whfwdata1.xml
whxdata\whfwdata2.xml
whxdata\whfwdata3.xml
whxdata\whfwdata4.xml
whxdata\whfwdata5.xml
whxdata\whfwdata6.xml
whxdata\whfwdata7.xml
whdata\whtdata0.htm
whdata\whtdata1.htm
whdata\whtdata2.htm
whdata\whtdata3.htm
whdata\whidata0.htm
whdata\whidata1.htm
whdata\whidata2.htm
whdata\whidata3.htm
whdata\whidata4.htm
whdata\whidata5.htm
whdata\whftdata0.htm
whdata\whftdata1.htm
whdata\whfwdata0.htm
whdata\whfwdata1.htm
whdata\whfwdata2.htm
whdata\whfwdata3.htm
whdata\whfwdata4.htm
whdata\whfwdata5.htm
whdata\whfwdata6.htm
whdata\whfwdata7.htm
whgdata\whlstt0.htm
whgdata\whlstt1.htm
whgdata\whlstt2.htm
whgdata\whlstt3.htm
whgdata\whlstt4.htm
whgdata\whlstt5.htm
whgdata\whlstt6.htm
whgdata\whlstt7.htm
whgdata\whlstt8.htm
whgdata\whlstt9.htm
whgdata\whlstt10.htm
whgdata\whlstt11.htm
whgdata\whlstt12.htm
whgdata\whlstt13.htm
whgdata\whlstt14.htm
whgdata\whlstt15.htm
whgdata\whlstt16.htm
whgdata\whlstt17.htm
whgdata\whlstt18.htm
whgdata\whlstt19.htm
whgdata\whlstt20.htm
whgdata\whlstt21.htm
whgdata\whlstt22.htm
whgdata\whlstt23.htm
whgdata\whlstt24.htm
whgdata\whlstt25.htm
whgdata\whlstt26.htm
whgdata\whlstt27.htm
whgdata\whlstt28.htm
whgdata\whlstt29.htm
whgdata\whlstt30.htm
whgdata\whlstt31.htm
whgdata\whlstt32.htm
whgdata\whlstt33.htm
whgdata\whlstt34.htm
whgdata\whlstt35.htm
whgdata\whlstt36.htm
whgdata\whlstt37.htm
whgdata\whlstt38.htm
whgdata\whlstt39.htm
whgdata\whlstt40.htm
whgdata\whlstt41.htm
whgdata\whlstt42.htm
whgdata\whlstt43.htm
whgdata\whlstt44.htm
whgdata\whlstt45.htm
whgdata\whlstt46.htm
whgdata\whlstt47.htm
whgdata\whlstt48.htm
whgdata\whlstt49.htm
whgdata\whlstt50.htm
whgdata\whlstt51.htm
whgdata\whlstt52.htm
whgdata\whlstt53.htm
whgdata\whlstt54.htm
whgdata\whlstt55.htm
whgdata\whlstt56.htm
whgdata\whlstt57.htm
whgdata\whlstt58.htm
whgdata\whlstt59.htm
whgdata\whlsti0.htm
whgdata\whlsti1.htm
whgdata\whlsti2.htm
whgdata\whlstfl0.htm
whgdata\whlstfl1.htm
whgdata\whlstfl2.htm
whgdata\whlstfl3.htm
whgdata\whlstfl4.htm
whgdata\whlstfl5.htm
whgdata\whlstfl6.htm
whgdata\whlstfl7.htm
whgdata\whlstfl8.htm
whgdata\whlstfl9.htm
whgdata\whlstfl10.htm
whgdata\whlstfl11.htm
whgdata\whlstfl12.htm
whgdata\whlstfl13.htm
whgdata\whlstfl14.htm
whgdata\whlstfl15.htm
whgdata\whlstfl16.htm
whgdata\whlstfl17.htm
whgdata\whlstfl18.htm
whgdata\whlstfl19.htm
whgdata\whlstfl20.htm
whgdata\whlstfl21.htm
whgdata\whlstfl22.htm
whgdata\whlstfl23.htm
whgdata\whlstf0.htm
whgdata\whlstf1.htm
whgdata\whlstf2.htm
whgdata\whlstf3.htm
whgdata\whlstf4.htm
whgdata\whlstf5.htm
whgdata\whlstf6.htm
whgdata\whlstf7.htm
whgdata\whlstf8.htm
whgdata\whlstf9.htm
whgdata\whlstf10.htm
whgdata\whlstf11.htm
whgdata\whlstf12.htm
whgdata\whlstf13.htm
whgdata\whlstf14.htm
whgdata\whlstf15.htm
whgdata\whlstf16.htm
whgdata\whlstf17.htm
whgdata\whlstf18.htm
whgdata\whlstf19.htm
whgdata\whlstf20.htm
whgdata\whlstf21.htm
whgdata\whlstf22.htm
whgdata\whlstf23.htm
whgdata\whlstg0.htm
centraview.htm
centraview_csh.htm
centraview_rhc.htm
